# JRE version: OpenJDK Runtime Environment (14.0.2+12) (build 14.0.2+12-46)
# Java VM: OpenJDK 64-Bit Server VM (14.0.2+12-46, mixed mode, tiered, compressed oops, g1 gc, windows-amd64)
Heap:
 garbage-first heap   total 102400K, used 68838K [0x0000000701c00000, 0x0000000800000000)
  region size 1024K, 40 young (40960K), 5 survivors (5120K)
 Metaspace       used 60724K, capacity 62287K, committed 62492K, reserved 1103872K
  class space    used 7884K, capacity 8432K, committed 8572K, reserved 1048576K
GC Heap History (20 events):
Event: 1.071 GC heap before
{Heap before GC invocations=5 (full 0):
 garbage-first heap   total 40960K, used 27705K [0x0000000701c00000, 0x0000000800000000)
  region size 1024K, 22 young (22528K), 3 survivors (3072K)
 Metaspace       used 23466K, capacity 24121K, committed 24316K, reserved 1071104K
  class space    used 2749K, capacity 2985K, committed 3068K, reserved 1048576K
}
Event: 1.073 GC heap after
{Heap after GC invocations=6 (full 0):
 garbage-first heap   total 40960K, used 9359K [0x0000000701c00000, 0x0000000800000000)
  region size 1024K, 2 young (2048K), 2 survivors (2048K)
 Metaspace       used 23466K, capacity 24121K, committed 24316K, reserved 1071104K
  class space    used 2749K, capacity 2985K, committed 3068K, reserved 1048576K
}
Event: 1.191 GC heap before
{Heap before GC invocations=6 (full 0):
 garbage-first heap   total 40960K, used 28815K [0x0000000701c00000, 0x0000000800000000)
  region size 1024K, 22 young (22528K), 2 survivors (2048K)
 Metaspace       used 24311K, capacity 24997K, committed 25212K, reserved 1071104K
  class space    used 2857K, capacity 3106K, committed 3196K, reserved 1048576K
}
Event: 1.194 GC heap after
{Heap after GC invocations=7 (full 0):
 garbage-first heap   total 151552K, used 10095K [0x0000000701c00000, 0x0000000800000000)
  region size 1024K, 3 young (3072K), 3 survivors (3072K)
 Metaspace       used 24311K, capacity 24997K, committed 25212K, reserved 1071104K
  class space    used 2857K, capacity 3106K, committed 3196K, reserved 1048576K
}
Event: 1.888 GC heap before
{Heap before GC invocations=7 (full 0):
 garbage-first heap   total 151552K, used 96111K [0x0000000701c00000, 0x0000000800000000)
  region size 1024K, 88 young (90112K), 3 survivors (3072K)
 Metaspace       used 31417K, capacity 32369K, committed 32636K, reserved 1077248K
  class space    used 3838K, capacity 4186K, committed 4220K, reserved 1048576K
}
Event: 1.895 GC heap after
{Heap after GC invocations=8 (full 0):
 garbage-first heap   total 151552K, used 13662K [0x0000000701c00000, 0x0000000800000000)
  region size 1024K, 6 young (6144K), 6 survivors (6144K)
 Metaspace       used 31417K, capacity 32369K, committed 32636K, reserved 1077248K
  class space    used 3838K, capacity 4186K, committed 4220K, reserved 1048576K
}
Event: 2.137 GC heap before
{Heap before GC invocations=8 (full 0):
 garbage-first heap   total 151552K, used 56670K [0x0000000701c00000, 0x0000000800000000)
  region size 1024K, 50 young (51200K), 6 survivors (6144K)
 Metaspace       used 34823K, capacity 35872K, committed 35964K, reserved 1081344K
  class space    used 4247K, capacity 4650K, committed 4732K, reserved 1048576K
}
Event: 2.142 GC heap after
{Heap after GC invocations=9 (full 0):
 garbage-first heap   total 151552K, used 14958K [0x0000000701c00000, 0x0000000800000000)
  region size 1024K, 7 young (7168K), 7 survivors (7168K)
 Metaspace       used 34823K, capacity 35872K, committed 35964K, reserved 1081344K
  class space    used 4247K, capacity 4650K, committed 4732K, reserved 1048576K
}
Event: 2.302 GC heap before
{Heap before GC invocations=10 (full 0):
 garbage-first heap   total 58368K, used 42606K [0x0000000701c00000, 0x0000000800000000)
  region size 1024K, 34 young (34816K), 7 survivors (7168K)
 Metaspace       used 37511K, capacity 38664K, committed 39036K, reserved 1083392K
  class space    used 4691K, capacity 5107K, committed 5244K, reserved 1048576K
}
Event: 2.307 GC heap after
{Heap after GC invocations=11 (full 0):
 garbage-first heap   total 58368K, used 16163K [0x0000000701c00000, 0x0000000800000000)
  region size 1024K, 3 young (3072K), 3 survivors (3072K)
 Metaspace       used 37511K, capacity 38664K, committed 39036K, reserved 1083392K
  class space    used 4691K, capacity 5107K, committed 5244K, reserved 1048576K
}
Event: 2.475 GC heap before
{Heap before GC invocations=11 (full 0):
 garbage-first heap   total 58368K, used 45859K [0x0000000701c00000, 0x0000000800000000)
  region size 1024K, 32 young (32768K), 3 survivors (3072K)
 Metaspace       used 41284K, capacity 42521K, committed 42748K, reserved 1085440K
  class space    used 5261K, capacity 5730K, committed 5884K, reserved 1048576K
}
Event: 2.481 GC heap after
{Heap after GC invocations=12 (full 0):
 garbage-first heap   total 160768K, used 18236K [0x0000000701c00000, 0x0000000800000000)
  region size 1024K, 4 young (4096K), 4 survivors (4096K)
 Metaspace       used 41284K, capacity 42521K, committed 42748K, reserved 1085440K
  class space    used 5261K, capacity 5730K, committed 5884K, reserved 1048576K
}
Event: 3.125 GC heap before
{Heap before GC invocations=12 (full 0):
 garbage-first heap   total 160768K, used 109372K [0x0000000701c00000, 0x0000000800000000)
  region size 1024K, 94 young (96256K), 4 survivors (4096K)
 Metaspace       used 51840K, capacity 53176K, committed 53500K, reserved 1095680K
  class space    used 6596K, capacity 7074K, committed 7164K, reserved 1048576K
}
Event: 3.132 GC heap after
{Heap after GC invocations=13 (full 0):
 garbage-first heap   total 160768K, used 24938K [0x0000000701c00000, 0x0000000800000000)
  region size 1024K, 10 young (10240K), 10 survivors (10240K)
 Metaspace       used 51840K, capacity 53176K, committed 53500K, reserved 1095680K
  class space    used 6596K, capacity 7074K, committed 7164K, reserved 1048576K
}
Event: 51.623 GC heap before
{Heap before GC invocations=13 (full 0):
 garbage-first heap   total 160768K, used 77162K [0x0000000701c00000, 0x0000000800000000)
  region size 1024K, 63 young (64512K), 10 survivors (10240K)
 Metaspace       used 58797K, capacity 60290K, committed 60368K, reserved 1101824K
  class space    used 7604K, capacity 8138K, committed 8188K, reserved 1048576K
}
Event: 51.630 GC heap after
{Heap after GC invocations=14 (full 0):
 garbage-first heap   total 160768K, used 27535K [0x0000000701c00000, 0x0000000800000000)
  region size 1024K, 3 young (3072K), 3 survivors (3072K)
 Metaspace       used 58797K, capacity 60290K, committed 60368K, reserved 1101824K
  class space    used 7604K, capacity 8138K, committed 8188K, reserved 1048576K
}
Event: 3522.072 GC heap before
{Heap before GC invocations=15 (full 0):
 garbage-first heap   total 102400K, used 84879K [0x0000000701c00000, 0x0000000800000000)
  region size 1024K, 60 young (61440K), 3 survivors (3072K)
 Metaspace       used 60723K, capacity 62287K, committed 62492K, reserved 1103872K
  class space    used 7883K, capacity 8432K, committed 8572K, reserved 1048576K
}
Event: 3522.076 GC heap after
{Heap after GC invocations=16 (full 0):
 garbage-first heap   total 102400K, used 30826K [0x0000000701c00000, 0x0000000800000000)
  region size 1024K, 6 young (6144K), 6 survivors (6144K)
 Metaspace       used 60723K, capacity 62287K, committed 62492K, reserved 1103872K
  class space    used 7883K, capacity 8432K, committed 8572K, reserved 1048576K
}
Event: 5320.658 GC heap before
{Heap before GC invocations=16 (full 0):
 garbage-first heap   total 102400K, used 81002K [0x0000000701c00000, 0x0000000800000000)
  region size 1024K, 56 young (57344K), 6 survivors (6144K)
 Metaspace       used 60724K, capacity 62287K, committed 62492K, reserved 1103872K
  class space    used 7884K, capacity 8432K, committed 8572K, reserved 1048576K
}
Event: 5320.670 GC heap after
{Heap after GC invocations=17 (full 0):
 garbage-first heap   total 102400K, used 35046K [0x0000000701c00000, 0x0000000800000000)
  region size 1024K, 5 young (5120K), 5 survivors (5120K)
 Metaspace       used 60724K, capacity 62287K, committed 62492K, reserved 1103872K
  class space    used 7884K, capacity 8432K, committed 8572K, reserved 1048576K
}

